<?xml version="1.0" encoding="UTF-8"?>
<!-- Generated by org.testng.reporters.JUnitReportReporter -->
<testsuite hostname="yeshs-Mac-mini.local" failures="0" tests="1" name="testinghomepage.HomePageTesting" time="5.214" errors="0" timestamp="2024-08-23T11:28:25 IST" skipped="0">
  <testcase classname="testinghomepage.HomePageTesting" name="testHomepageWithPercy" time="5.214"/>
</testsuite> <!-- testinghomepage.HomePageTesting -->
